<?xml version="1.0" encoding="UTF-8"?>
<testsuite name="org.morgorithm.frames.demo.DemoData" tests="1" skipped="0" failures="1" errors="0" timestamp="2021-05-14T09:43:07" hostname="DESKTOP-KCDHFKO" time="22806.081">
  <properties/>
  <testcase name="realtimeTestData()" classname="org.morgorithm.frames.demo.DemoData" time="22806.081">
    <failure message="org.springframework.transaction.CannotCreateTransactionException: Could not open JPA EntityManager for transaction; nested exception is org.hibernate.exception.JDBCConnectionException: Unable to acquire JDBC Connection" type="org.springframework.transaction.CannotCreateTransactionException">org.springframework.transaction.CannotCreateTransactionException: Could not open JPA EntityManager for transaction; nested exception is org.hibernate.exception.JDBCConnectionException: Unable to acquire JDBC Connection
	at org.springframework.orm.jpa.JpaTransactionManager.doBegin(JpaTransactionManager.java:467)
	at org.springframework.transaction.support.AbstractPlatformTransactionManager.startTransaction(AbstractPlatformTransactionManager.java:400)
	at org.springframework.transaction.support.AbstractPlatformTransactionManager.getTransaction(AbstractPlatformTransactionManager.java:373)
	at org.springframework.transaction.interceptor.TransactionAspectSupport.createTransactionIfNecessary(TransactionAspectSupport.java:595)
	at org.springframework.transaction.interceptor.TransactionAspectSupport.invokeWithinTransaction(TransactionAspectSupport.java:382)
	at org.springframework.transaction.interceptor.TransactionInterceptor.invoke(TransactionInterceptor.java:119)
	at org.springframework.aop.framework.ReflectiveMethodInvocation.proceed(ReflectiveMethodInvocation.java:186)
	at org.springframework.dao.support.PersistenceExceptionTranslationInterceptor.invoke(PersistenceExceptionTranslationInterceptor.java:137)
	at org.springframework.aop.framework.ReflectiveMethodInvocation.proceed(ReflectiveMethodInvocation.java:186)
	at org.springframework.data.jpa.repository.support.CrudMethodMetadataPostProcessor$CrudMethodMetadataPopulatingMethodInterceptor.invoke(CrudMethodMetadataPostProcessor.java:174)
	at org.springframework.aop.framework.ReflectiveMethodInvocation.proceed(ReflectiveMethodInvocation.java:186)
	at org.springframework.aop.interceptor.ExposeInvocationInterceptor.invoke(ExposeInvocationInterceptor.java:97)
	at org.springframework.aop.framework.ReflectiveMethodInvocation.proceed(ReflectiveMethodInvocation.java:186)
	at org.springframework.aop.framework.JdkDynamicAopProxy.invoke(JdkDynamicAopProxy.java:215)
	at com.sun.proxy.$Proxy133.save(Unknown Source)
	at org.morgorithm.frames.demo.DemoData.realtimeTestData(DemoData.java:467)
	at java.base/jdk.internal.reflect.NativeMethodAccessorImpl.invoke0(Native Method)
	at java.base/jdk.internal.reflect.NativeMethodAccessorImpl.invoke(NativeMethodAccessorImpl.java:62)
	at java.base/jdk.internal.reflect.DelegatingMethodAccessorImpl.invoke(DelegatingMethodAccessorImpl.java:43)
	at java.base/java.lang.reflect.Method.invoke(Method.java:566)
	at org.junit.platform.commons.util.ReflectionUtils.invokeMethod(ReflectionUtils.java:688)
	at org.junit.jupiter.engine.execution.MethodInvocation.proceed(MethodInvocation.java:60)
	at org.junit.jupiter.engine.execution.InvocationInterceptorChain$ValidatingInvocation.proceed(InvocationInterceptorChain.java:131)
	at org.junit.jupiter.engine.extension.TimeoutExtension.intercept(TimeoutExtension.java:149)
	at org.junit.jupiter.engine.extension.TimeoutExtension.interceptTestableMethod(TimeoutExtension.java:140)
	at org.junit.jupiter.engine.extension.TimeoutExtension.interceptTestMethod(TimeoutExtension.java:84)
	at org.junit.jupiter.engine.execution.ExecutableInvoker$ReflectiveInterceptorCall.lambda$ofVoidMethod$0(ExecutableInvoker.java:115)
	at org.junit.jupiter.engine.execution.ExecutableInvoker.lambda$invoke$0(ExecutableInvoker.java:105)
	at org.junit.jupiter.engine.execution.InvocationInterceptorChain$InterceptedInvocation.proceed(InvocationInterceptorChain.java:106)
	at org.junit.jupiter.engine.execution.InvocationInterceptorChain.proceed(InvocationInterceptorChain.java:64)
	at org.junit.jupiter.engine.execution.InvocationInterceptorChain.chainAndInvoke(InvocationInterceptorChain.java:45)
	at org.junit.jupiter.engine.execution.InvocationInterceptorChain.invoke(InvocationInterceptorChain.java:37)
	at org.junit.jupiter.engine.execution.ExecutableInvoker.invoke(ExecutableInvoker.java:104)
	at org.junit.jupiter.engine.execution.ExecutableInvoker.invoke(ExecutableInvoker.java:98)
	at org.junit.jupiter.engine.descriptor.TestMethodTestDescriptor.lambda$invokeTestMethod$6(TestMethodTestDescriptor.java:210)
	at org.junit.platform.engine.support.hierarchical.ThrowableCollector.execute(ThrowableCollector.java:73)
	at org.junit.jupiter.engine.descriptor.TestMethodTestDescriptor.invokeTestMethod(TestMethodTestDescriptor.java:206)
	at org.junit.jupiter.engine.descriptor.TestMethodTestDescriptor.execute(TestMethodTestDescriptor.java:131)
	at org.junit.jupiter.engine.descriptor.TestMethodTestDescriptor.execute(TestMethodTestDescriptor.java:65)
	at org.junit.platform.engine.support.hierarchical.NodeTestTask.lambda$executeRecursively$5(NodeTestTask.java:139)
	at org.junit.platform.engine.support.hierarchical.ThrowableCollector.execute(ThrowableCollector.java:73)
	at org.junit.platform.engine.support.hierarchical.NodeTestTask.lambda$executeRecursively$7(NodeTestTask.java:129)
	at org.junit.platform.engine.support.hierarchical.Node.around(Node.java:137)
	at org.junit.platform.engine.support.hierarchical.NodeTestTask.lambda$executeRecursively$8(NodeTestTask.java:127)
	at org.junit.platform.engine.support.hierarchical.ThrowableCollector.execute(ThrowableCollector.java:73)
	at org.junit.platform.engine.support.hierarchical.NodeTestTask.executeRecursively(NodeTestTask.java:126)
	at org.junit.platform.engine.support.hierarchical.NodeTestTask.execute(NodeTestTask.java:84)
	at java.base/java.util.ArrayList.forEach(ArrayList.java:1541)
	at org.junit.platform.engine.support.hierarchical.SameThreadHierarchicalTestExecutorService.invokeAll(SameThreadHierarchicalTestExecutorService.java:38)
	at org.junit.platform.engine.support.hierarchical.NodeTestTask.lambda$executeRecursively$5(NodeTestTask.java:143)
	at org.junit.platform.engine.support.hierarchical.ThrowableCollector.execute(ThrowableCollector.java:73)
	at org.junit.platform.engine.support.hierarchical.NodeTestTask.lambda$executeRecursively$7(NodeTestTask.java:129)
	at org.junit.platform.engine.support.hierarchical.Node.around(Node.java:137)
	at org.junit.platform.engine.support.hierarchical.NodeTestTask.lambda$executeRecursively$8(NodeTestTask.java:127)
	at org.junit.platform.engine.support.hierarchical.ThrowableCollector.execute(ThrowableCollector.java:73)
	at org.junit.platform.engine.support.hierarchical.NodeTestTask.executeRecursively(NodeTestTask.java:126)
	at org.junit.platform.engine.support.hierarchical.NodeTestTask.execute(NodeTestTask.java:84)
	at java.base/java.util.ArrayList.forEach(ArrayList.java:1541)
	at org.junit.platform.engine.support.hierarchical.SameThreadHierarchicalTestExecutorService.invokeAll(SameThreadHierarchicalTestExecutorService.java:38)
	at org.junit.platform.engine.support.hierarchical.NodeTestTask.lambda$executeRecursively$5(NodeTestTask.java:143)
	at org.junit.platform.engine.support.hierarchical.ThrowableCollector.execute(ThrowableCollector.java:73)
	at org.junit.platform.engine.support.hierarchical.NodeTestTask.lambda$executeRecursively$7(NodeTestTask.java:129)
	at org.junit.platform.engine.support.hierarchical.Node.around(Node.java:137)
	at org.junit.platform.engine.support.hierarchical.NodeTestTask.lambda$executeRecursively$8(NodeTestTask.java:127)
	at org.junit.platform.engine.support.hierarchical.ThrowableCollector.execute(ThrowableCollector.java:73)
	at org.junit.platform.engine.support.hierarchical.NodeTestTask.executeRecursively(NodeTestTask.java:126)
	at org.junit.platform.engine.support.hierarchical.NodeTestTask.execute(NodeTestTask.java:84)
	at org.junit.platform.engine.support.hierarchical.SameThreadHierarchicalTestExecutorService.submit(SameThreadHierarchicalTestExecutorService.java:32)
	at org.junit.platform.engine.support.hierarchical.HierarchicalTestExecutor.execute(HierarchicalTestExecutor.java:57)
	at org.junit.platform.engine.support.hierarchical.HierarchicalTestEngine.execute(HierarchicalTestEngine.java:51)
	at org.junit.platform.launcher.core.DefaultLauncher.execute(DefaultLauncher.java:248)
	at org.junit.platform.launcher.core.DefaultLauncher.lambda$execute$5(DefaultLauncher.java:211)
	at org.junit.platform.launcher.core.DefaultLauncher.withInterceptedStreams(DefaultLauncher.java:226)
	at org.junit.platform.launcher.core.DefaultLauncher.execute(DefaultLauncher.java:199)
	at org.junit.platform.launcher.core.DefaultLauncher.execute(DefaultLauncher.java:132)
	at org.gradle.api.internal.tasks.testing.junitplatform.JUnitPlatformTestClassProcessor$CollectAllTestClassesExecutor.processAllTestClasses(JUnitPlatformTestClassProcessor.java:99)
	at org.gradle.api.internal.tasks.testing.junitplatform.JUnitPlatformTestClassProcessor$CollectAllTestClassesExecutor.access$000(JUnitPlatformTestClassProcessor.java:79)
	at org.gradle.api.internal.tasks.testing.junitplatform.JUnitPlatformTestClassProcessor.stop(JUnitPlatformTestClassProcessor.java:75)
	at org.gradle.api.internal.tasks.testing.SuiteTestClassProcessor.stop(SuiteTestClassProcessor.java:61)
	at java.base/jdk.internal.reflect.NativeMethodAccessorImpl.invoke0(Native Method)
	at java.base/jdk.internal.reflect.NativeMethodAccessorImpl.invoke(NativeMethodAccessorImpl.java:62)
	at java.base/jdk.internal.reflect.DelegatingMethodAccessorImpl.invoke(DelegatingMethodAccessorImpl.java:43)
	at java.base/java.lang.reflect.Method.invoke(Method.java:566)
	at org.gradle.internal.dispatch.ReflectionDispatch.dispatch(ReflectionDispatch.java:36)
	at org.gradle.internal.dispatch.ReflectionDispatch.dispatch(ReflectionDispatch.java:24)
	at org.gradle.internal.dispatch.ContextClassLoaderDispatch.dispatch(ContextClassLoaderDispatch.java:33)
	at org.gradle.internal.dispatch.ProxyDispatchAdapter$DispatchingInvocationHandler.invoke(ProxyDispatchAdapter.java:94)
	at com.sun.proxy.$Proxy2.stop(Unknown Source)
	at org.gradle.api.internal.tasks.testing.worker.TestWorker.stop(TestWorker.java:133)
	at java.base/jdk.internal.reflect.NativeMethodAccessorImpl.invoke0(Native Method)
	at java.base/jdk.internal.reflect.NativeMethodAccessorImpl.invoke(NativeMethodAccessorImpl.java:62)
	at java.base/jdk.internal.reflect.DelegatingMethodAccessorImpl.invoke(DelegatingMethodAccessorImpl.java:43)
	at java.base/java.lang.reflect.Method.invoke(Method.java:566)
	at org.gradle.internal.dispatch.ReflectionDispatch.dispatch(ReflectionDispatch.java:36)
	at org.gradle.internal.dispatch.ReflectionDispatch.dispatch(ReflectionDispatch.java:24)
	at org.gradle.internal.remote.internal.hub.MessageHubBackedObjectConnection$DispatchWrapper.dispatch(MessageHubBackedObjectConnection.java:182)
	at org.gradle.internal.remote.internal.hub.MessageHubBackedObjectConnection$DispatchWrapper.dispatch(MessageHubBackedObjectConnection.java:164)
	at org.gradle.internal.remote.internal.hub.MessageHub$Handler.run(MessageHub.java:414)
	at org.gradle.internal.concurrent.ExecutorPolicy$CatchAndRecordFailures.onExecute(ExecutorPolicy.java:64)
	at org.gradle.internal.concurrent.ManagedExecutorImpl$1.run(ManagedExecutorImpl.java:48)
	at java.base/java.util.concurrent.ThreadPoolExecutor.runWorker(ThreadPoolExecutor.java:1128)
	at java.base/java.util.concurrent.ThreadPoolExecutor$Worker.run(ThreadPoolExecutor.java:628)
	at org.gradle.internal.concurrent.ThreadFactoryImpl$ManagedThreadRunnable.run(ThreadFactoryImpl.java:56)
	at java.base/java.lang.Thread.run(Thread.java:834)
Caused by: org.hibernate.exception.JDBCConnectionException: Unable to acquire JDBC Connection
	at org.hibernate.exception.internal.SQLExceptionTypeDelegate.convert(SQLExceptionTypeDelegate.java:48)
	at org.hibernate.exception.internal.StandardSQLExceptionConverter.convert(StandardSQLExceptionConverter.java:42)
	at org.hibernate.engine.jdbc.spi.SqlExceptionHelper.convert(SqlExceptionHelper.java:113)
	at org.hibernate.engine.jdbc.spi.SqlExceptionHelper.convert(SqlExceptionHelper.java:99)
	at org.hibernate.resource.jdbc.internal.LogicalConnectionManagedImpl.acquireConnectionIfNeeded(LogicalConnectionManagedImpl.java:111)
	at org.hibernate.resource.jdbc.internal.LogicalConnectionManagedImpl.getPhysicalConnection(LogicalConnectionManagedImpl.java:138)
	at org.hibernate.resource.jdbc.internal.LogicalConnectionManagedImpl.getConnectionForTransactionManagement(LogicalConnectionManagedImpl.java:273)
	at org.hibernate.resource.jdbc.internal.LogicalConnectionManagedImpl.begin(LogicalConnectionManagedImpl.java:281)
	at org.hibernate.resource.transaction.backend.jdbc.internal.JdbcResourceLocalTransactionCoordinatorImpl$TransactionDriverControlImpl.begin(JdbcResourceLocalTransactionCoordinatorImpl.java:246)
	at org.hibernate.engine.transaction.internal.TransactionImpl.begin(TransactionImpl.java:83)
	at org.springframework.orm.jpa.vendor.HibernateJpaDialect.beginTransaction(HibernateJpaDialect.java:164)
	at org.springframework.orm.jpa.JpaTransactionManager.doBegin(JpaTransactionManager.java:421)
	... 103 more
Caused by: java.sql.SQLTransientConnectionException: HikariPool-1 - Connection is not available, request timed out after 10815615ms.
	at com.zaxxer.hikari.pool.HikariPool.createTimeoutException(HikariPool.java:695)
	at com.zaxxer.hikari.pool.HikariPool.getConnection(HikariPool.java:197)
	at com.zaxxer.hikari.pool.HikariPool.getConnection(HikariPool.java:162)
	at com.zaxxer.hikari.HikariDataSource.getConnection(HikariDataSource.java:128)
	at org.hibernate.engine.jdbc.connections.internal.DatasourceConnectionProviderImpl.getConnection(DatasourceConnectionProviderImpl.java:122)
	at org.hibernate.internal.NonContextualJdbcConnectionAccess.obtainConnection(NonContextualJdbcConnectionAccess.java:38)
	at org.hibernate.resource.jdbc.internal.LogicalConnectionManagedImpl.acquireConnectionIfNeeded(LogicalConnectionManagedImpl.java:108)
	... 110 more
Caused by: com.mysql.cj.jdbc.exceptions.CommunicationsException: Communications link failure

The last packet sent successfully to the server was 0 milliseconds ago. The driver has not received any packets from the server.
	at com.mysql.cj.jdbc.exceptions.SQLError.createCommunicationsException(SQLError.java:174)
	at com.mysql.cj.jdbc.exceptions.SQLExceptionsMapping.translateException(SQLExceptionsMapping.java:64)
	at com.mysql.cj.jdbc.ConnectionImpl.createNewIO(ConnectionImpl.java:836)
	at com.mysql.cj.jdbc.ConnectionImpl.&lt;init&gt;(ConnectionImpl.java:456)
	at com.mysql.cj.jdbc.ConnectionImpl.getInstance(ConnectionImpl.java:246)
	at com.mysql.cj.jdbc.NonRegisteringDriver.connect(NonRegisteringDriver.java:198)
	at com.zaxxer.hikari.util.DriverDataSource.getConnection(DriverDataSource.java:138)
	at com.zaxxer.hikari.pool.PoolBase.newConnection(PoolBase.java:358)
	at com.zaxxer.hikari.pool.PoolBase.newPoolEntry(PoolBase.java:206)
	at com.zaxxer.hikari.pool.HikariPool.createPoolEntry(HikariPool.java:477)
	at com.zaxxer.hikari.pool.HikariPool.access$100(HikariPool.java:71)
	at com.zaxxer.hikari.pool.HikariPool$PoolEntryCreator.call(HikariPool.java:725)
	at com.zaxxer.hikari.pool.HikariPool$PoolEntryCreator.call(HikariPool.java:711)
	at java.base/java.util.concurrent.FutureTask.run(FutureTask.java:264)
	at java.base/java.util.concurrent.ThreadPoolExecutor.runWorker(ThreadPoolExecutor.java:1128)
	at java.base/java.util.concurrent.ThreadPoolExecutor$Worker.run(ThreadPoolExecutor.java:628)
	... 1 more
Caused by: com.mysql.cj.exceptions.CJCommunicationsException: Communications link failure

The last packet sent successfully to the server was 0 milliseconds ago. The driver has not received any packets from the server.
	at jdk.internal.reflect.GeneratedConstructorAccessor73.newInstance(Unknown Source)
	at java.base/jdk.internal.reflect.DelegatingConstructorAccessorImpl.newInstance(DelegatingConstructorAccessorImpl.java:45)
	at java.base/java.lang.reflect.Constructor.newInstance(Constructor.java:490)
	at com.mysql.cj.exceptions.ExceptionFactory.createException(ExceptionFactory.java:61)
	at com.mysql.cj.exceptions.ExceptionFactory.createException(ExceptionFactory.java:105)
	at com.mysql.cj.exceptions.ExceptionFactory.createException(ExceptionFactory.java:151)
	at com.mysql.cj.exceptions.ExceptionFactory.createCommunicationsException(ExceptionFactory.java:167)
	at com.mysql.cj.protocol.a.NativeSocketConnection.connect(NativeSocketConnection.java:89)
	at com.mysql.cj.NativeSession.connect(NativeSession.java:144)
	at com.mysql.cj.jdbc.ConnectionImpl.connectOneTryOnly(ConnectionImpl.java:956)
	at com.mysql.cj.jdbc.ConnectionImpl.createNewIO(ConnectionImpl.java:826)
	... 14 more
Caused by: java.net.UnknownHostException: 알려진 호스트가 없습니다 (framesdb.cys6irkoowji.ap-northeast-2.rds.amazonaws.com)
	at java.base/java.net.Inet6AddressImpl.lookupAllHostAddr(Native Method)
	at java.base/java.net.InetAddress$PlatformNameService.lookupAllHostAddr(InetAddress.java:929)
	at java.base/java.net.InetAddress.getAddressesFromNameService(InetAddress.java:1515)
	at java.base/java.net.InetAddress$NameServiceAddresses.get(InetAddress.java:848)
	at java.base/java.net.InetAddress.getAllByName0(InetAddress.java:1505)
	at java.base/java.net.InetAddress.getAllByName(InetAddress.java:1364)
	at java.base/java.net.InetAddress.getAllByName(InetAddress.java:1298)
	at com.mysql.cj.protocol.StandardSocketFactory.connect(StandardSocketFactory.java:132)
	at com.mysql.cj.protocol.a.NativeSocketConnection.connect(NativeSocketConnection.java:63)
	... 17 more
</failure>
  </testcase>
  <system-out><![CDATA[18:42:43.631 [Test worker] DEBUG org.springframework.test.context.BootstrapUtils - Instantiating CacheAwareContextLoaderDelegate from class [org.springframework.test.context.cache.DefaultCacheAwareContextLoaderDelegate]
18:42:43.675 [Test worker] DEBUG org.springframework.test.context.BootstrapUtils - Instantiating BootstrapContext using constructor [public org.springframework.test.context.support.DefaultBootstrapContext(java.lang.Class,org.springframework.test.context.CacheAwareContextLoaderDelegate)]
18:42:43.760 [Test worker] DEBUG org.springframework.test.context.BootstrapUtils - Instantiating TestContextBootstrapper for test class [org.morgorithm.frames.demo.DemoData] from class [org.springframework.boot.test.context.SpringBootTestContextBootstrapper]
18:42:43.795 [Test worker] INFO org.springframework.boot.test.context.SpringBootTestContextBootstrapper - Neither @ContextConfiguration nor @ContextHierarchy found for test class [org.morgorithm.frames.demo.DemoData], using SpringBootContextLoader
18:42:43.809 [Test worker] DEBUG org.springframework.test.context.support.AbstractContextLoader - Did not detect default resource location for test class [org.morgorithm.frames.demo.DemoData]: class path resource [org/morgorithm/frames/demo/DemoData-context.xml] does not exist
18:42:43.810 [Test worker] DEBUG org.springframework.test.context.support.AbstractContextLoader - Did not detect default resource location for test class [org.morgorithm.frames.demo.DemoData]: class path resource [org/morgorithm/frames/demo/DemoDataContext.groovy] does not exist
18:42:43.811 [Test worker] INFO org.springframework.test.context.support.AbstractContextLoader - Could not detect default resource locations for test class [org.morgorithm.frames.demo.DemoData]: no resource found for suffixes {-context.xml, Context.groovy}.
18:42:43.814 [Test worker] INFO org.springframework.test.context.support.AnnotationConfigContextLoaderUtils - Could not detect default configuration classes for test class [org.morgorithm.frames.demo.DemoData]: DemoData does not declare any static, non-private, non-final, nested classes annotated with @Configuration.
18:42:43.946 [Test worker] DEBUG org.springframework.test.context.support.ActiveProfilesUtils - Could not find an 'annotation declaring class' for annotation type [org.springframework.test.context.ActiveProfiles] and class [org.morgorithm.frames.demo.DemoData]
18:42:44.140 [Test worker] DEBUG org.springframework.context.annotation.ClassPathScanningCandidateComponentProvider - Identified candidate component class: file [C:\Users\nick1\kpu\frames-web-server\build\classes\java\main\org\morgorithm\frames\FramesApplication.class]
18:42:44.150 [Test worker] INFO org.springframework.boot.test.context.SpringBootTestContextBootstrapper - Found @SpringBootConfiguration org.morgorithm.frames.FramesApplication for test class org.morgorithm.frames.demo.DemoData
18:42:44.544 [Test worker] DEBUG org.springframework.boot.test.context.SpringBootTestContextBootstrapper - @TestExecutionListeners is not present for class [org.morgorithm.frames.demo.DemoData]: using defaults.
18:42:44.545 [Test worker] INFO org.springframework.boot.test.context.SpringBootTestContextBootstrapper - Loaded default TestExecutionListener class names from location [META-INF/spring.factories]: [org.springframework.boot.test.autoconfigure.restdocs.RestDocsTestExecutionListener, org.springframework.boot.test.autoconfigure.web.client.MockRestServiceServerResetTestExecutionListener, org.springframework.boot.test.autoconfigure.web.servlet.MockMvcPrintOnlyOnFailureTestExecutionListener, org.springframework.boot.test.autoconfigure.web.servlet.WebDriverTestExecutionListener, org.springframework.boot.test.autoconfigure.webservices.client.MockWebServiceServerTestExecutionListener, org.springframework.boot.test.mock.mockito.MockitoTestExecutionListener, org.springframework.boot.test.mock.mockito.ResetMocksTestExecutionListener, org.springframework.test.context.web.ServletTestExecutionListener, org.springframework.test.context.support.DirtiesContextBeforeModesTestExecutionListener, org.springframework.test.context.event.ApplicationEventsTestExecutionListener, org.springframework.test.context.support.DependencyInjectionTestExecutionListener, org.springframework.test.context.support.DirtiesContextTestExecutionListener, org.springframework.test.context.transaction.TransactionalTestExecutionListener, org.springframework.test.context.jdbc.SqlScriptsTestExecutionListener, org.springframework.test.context.event.EventPublishingTestExecutionListener]
18:42:44.597 [Test worker] INFO org.springframework.boot.test.context.SpringBootTestContextBootstrapper - Using TestExecutionListeners: [org.springframework.test.context.web.ServletTestExecutionListener@7b04a3a7, org.springframework.test.context.support.DirtiesContextBeforeModesTestExecutionListener@47b8093, org.springframework.test.context.event.ApplicationEventsTestExecutionListener@5b146d83, org.springframework.boot.test.mock.mockito.MockitoTestExecutionListener@d6d6c43, org.springframework.boot.test.autoconfigure.SpringBootDependencyInjectionTestExecutionListener@532affd2, org.springframework.test.context.support.DirtiesContextTestExecutionListener@b0d823c, org.springframework.test.context.transaction.TransactionalTestExecutionListener@730d9eab, org.springframework.test.context.jdbc.SqlScriptsTestExecutionListener@15e4fbfd, org.springframework.test.context.event.EventPublishingTestExecutionListener@11b442fc, org.springframework.boot.test.autoconfigure.restdocs.RestDocsTestExecutionListener@764f2e94, org.springframework.boot.test.autoconfigure.web.client.MockRestServiceServerResetTestExecutionListener@69281e30, org.springframework.boot.test.autoconfigure.web.servlet.MockMvcPrintOnlyOnFailureTestExecutionListener@5b212bfb, org.springframework.boot.test.autoconfigure.web.servlet.WebDriverTestExecutionListener@68b131c1, org.springframework.boot.test.autoconfigure.webservices.client.MockWebServiceServerTestExecutionListener@678599cd, org.springframework.boot.test.mock.mockito.ResetMocksTestExecutionListener@4ef5c293]
18:42:44.607 [Test worker] DEBUG org.springframework.test.context.support.AbstractDirtiesContextTestExecutionListener - Before test class: context [DefaultTestContext@d8e18a8 testClass = DemoData, testInstance = [null], testMethod = [null], testException = [null], mergedContextConfiguration = [WebMergedContextConfiguration@a65257e testClass = DemoData, locations = '{}', classes = '{class org.morgorithm.frames.FramesApplication}', contextInitializerClasses = '[]', activeProfiles = '{}', propertySourceLocations = '{}', propertySourceProperties = '{org.springframework.boot.test.context.SpringBootTestContextBootstrapper=true}', contextCustomizers = set[org.springframework.boot.test.autoconfigure.actuate.metrics.MetricsExportContextCustomizerFactory$DisableMetricExportContextCustomizer@35773783, org.springframework.boot.test.autoconfigure.properties.PropertyMappingContextCustomizer@0, org.springframework.boot.test.autoconfigure.web.servlet.WebDriverContextCustomizerFactory$Customizer@5e5f75cf, org.springframework.boot.test.context.filter.ExcludeFilterContextCustomizer@643ad8bb, org.springframework.boot.test.json.DuplicateJsonObjectContextCustomizerFactory$DuplicateJsonObjectContextCustomizer@15682d75, org.springframework.boot.test.mock.mockito.MockitoContextCustomizer@0, org.springframework.boot.test.web.client.TestRestTemplateContextCustomizer@738de919, org.springframework.boot.test.context.SpringBootTestArgs@1, org.springframework.boot.test.context.SpringBootTestWebEnvironment@6a6ee0f7], resourceBasePath = 'src/main/webapp', contextLoader = 'org.springframework.boot.test.context.SpringBootContextLoader', parent = [null]], attributes = map['org.springframework.test.context.web.ServletTestExecutionListener.activateListener' -> true]], class annotated with @DirtiesContext [false] with mode [null].
18:42:44.700 [Test worker] DEBUG org.springframework.test.context.support.TestPropertySourceUtils - Adding inlined properties to environment: {spring.jmx.enabled=false, org.springframework.boot.test.context.SpringBootTestContextBootstrapper=true}

  .   ____          _            __ _ _
 /\\ / ___'_ __ _ _(_)_ __  __ _ \ \ \ \
( ( )\___ | '_ | '_| | '_ \/ _` | \ \ \ \
 \\/  ___)| |_)| | | | | || (_| |  ) ) ) )
  '  |____| .__|_| |_|_| |_\__, | / / / /
 =========|_|==============|___/=/_/_/_/
 :: Spring Boot ::                (v2.4.2)

2021-05-14 18:42:45.351  WARN 177044 --- [    Test worker] ory$DuplicateJsonObjectContextCustomizer : 

Found multiple occurrences of org.json.JSONObject on the class path:

	jar:file:/C:/Users/nick1/.gradle/caches/modules-2/files-2.1/org.json/json/20210307/528c8df3757e8bcf151817b1d7b9b434f6aa08d5/json-20210307.jar!/org/json/JSONObject.class
	jar:file:/C:/Users/nick1/.gradle/caches/modules-2/files-2.1/com.vaadin.external.google/android-json/0.0.20131108.vaadin1/fa26d351fe62a6a17f5cda1287c1c6110dec413f/android-json-0.0.20131108.vaadin1.jar!/org/json/JSONObject.class

You may wish to exclude one of them to ensure predictable runtime behavior

2021-05-14 18:42:45.391  INFO 177044 --- [    Test worker] org.morgorithm.frames.demo.DemoData      : Starting DemoData using Java 11.0.9 on DESKTOP-KCDHFKO with PID 177044 (started by nick1 in C:\Users\nick1\kpu\frames-web-server)
2021-05-14 18:42:45.393  INFO 177044 --- [    Test worker] org.morgorithm.frames.demo.DemoData      : No active profile set, falling back to default profiles: default
2021-05-14 18:42:50.923  INFO 177044 --- [    Test worker] .s.d.r.c.RepositoryConfigurationDelegate : Bootstrapping Spring Data JPA repositories in DEFAULT mode.
2021-05-14 18:42:51.239  INFO 177044 --- [    Test worker] .s.d.r.c.RepositoryConfigurationDelegate : Finished Spring Data repository scanning in 299 ms. Found 6 JPA repository interfaces.
2021-05-14 18:42:52.309  INFO 177044 --- [    Test worker] trationDelegate$BeanPostProcessorChecker : Bean '(inner bean)#37dbfea0' of type [com.amazonaws.auth.EC2ContainerCredentialsProviderWrapper] is not eligible for getting processed by all BeanPostProcessors (for example: not eligible for auto-proxying)
2021-05-14 18:42:52.347  INFO 177044 --- [    Test worker] trationDelegate$BeanPostProcessorChecker : Bean '(inner bean)#5e517354' of type [com.amazonaws.auth.profile.ProfileCredentialsProvider] is not eligible for getting processed by all BeanPostProcessors (for example: not eligible for auto-proxying)
2021-05-14 18:42:52.371  INFO 177044 --- [    Test worker] trationDelegate$BeanPostProcessorChecker : Bean 'credentialsProvider' of type [org.springframework.cloud.aws.core.credentials.CredentialsProviderFactoryBean] is not eligible for getting processed by all BeanPostProcessors (for example: not eligible for auto-proxying)
2021-05-14 18:42:52.371  INFO 177044 --- [    Test worker] trationDelegate$BeanPostProcessorChecker : Bean 'credentialsProvider' of type [com.amazonaws.auth.AWSCredentialsProviderChain] is not eligible for getting processed by all BeanPostProcessors (for example: not eligible for auto-proxying)
2021-05-14 18:42:53.223  INFO 177044 --- [    Test worker] o.hibernate.jpa.internal.util.LogHelper  : HHH000204: Processing PersistenceUnitInfo [name: default]
2021-05-14 18:42:53.383  INFO 177044 --- [    Test worker] org.hibernate.Version                    : HHH000412: Hibernate ORM core version 5.4.27.Final
2021-05-14 18:42:53.862  INFO 177044 --- [    Test worker] o.hibernate.annotations.common.Version   : HCANN000001: Hibernate Commons Annotations {5.1.2.Final}
2021-05-14 18:42:54.175  INFO 177044 --- [    Test worker] com.zaxxer.hikari.HikariDataSource       : HikariPool-1 - Starting...
2021-05-14 18:42:54.963  INFO 177044 --- [    Test worker] com.zaxxer.hikari.HikariDataSource       : HikariPool-1 - Start completed.
2021-05-14 18:42:55.051  INFO 177044 --- [    Test worker] org.hibernate.dialect.Dialect            : HHH000400: Using dialect: org.hibernate.dialect.MySQL8Dialect
2021-05-14 18:42:57.431  INFO 177044 --- [    Test worker] o.h.e.t.j.p.i.JtaPlatformInitiator       : HHH000490: Using JtaPlatform implementation: [org.hibernate.engine.transaction.jta.platform.internal.NoJtaPlatform]
2021-05-14 18:42:57.451  INFO 177044 --- [    Test worker] j.LocalContainerEntityManagerFactoryBean : Initialized JPA EntityManagerFactory for persistence unit 'default'
2021-05-14 18:42:58.526  WARN 177044 --- [    Test worker] JpaBaseConfiguration$JpaWebConfiguration : spring.jpa.open-in-view is enabled by default. Therefore, database queries may be performed during view rendering. Explicitly configure spring.jpa.open-in-view to disable this warning
2021-05-14 18:43:00.636  INFO 177044 --- [    Test worker] o.s.s.concurrent.ThreadPoolTaskExecutor  : Initializing ExecutorService 'clientInboundChannelExecutor'
2021-05-14 18:43:00.684  INFO 177044 --- [    Test worker] o.s.s.concurrent.ThreadPoolTaskExecutor  : Initializing ExecutorService 'clientOutboundChannelExecutor'
confiureMessageBroker 연동!!**
2021-05-14 18:43:00.691  INFO 177044 --- [    Test worker] o.s.s.concurrent.ThreadPoolTaskExecutor  : Initializing ExecutorService 'brokerChannelExecutor'
2021-05-14 18:43:02.008  INFO 177044 --- [    Test worker] o.s.s.web.DefaultSecurityFilterChain     : Will secure Ant [pattern='/css/**'] with []
2021-05-14 18:43:02.008  INFO 177044 --- [    Test worker] o.s.s.web.DefaultSecurityFilterChain     : Will secure Ant [pattern='/js/**'] with []
2021-05-14 18:43:02.008  INFO 177044 --- [    Test worker] o.s.s.web.DefaultSecurityFilterChain     : Will secure Ant [pattern='/img/**'] with []
2021-05-14 18:43:02.009  INFO 177044 --- [    Test worker] o.s.s.web.DefaultSecurityFilterChain     : Will secure Ant [pattern='/lib/**'] with []
2021-05-14 18:43:02.554  INFO 177044 --- [    Test worker] o.s.s.c.ThreadPoolTaskScheduler          : Initializing ExecutorService 'messageBrokerTaskScheduler'
end point 연결!!!***
2021-05-14 18:43:03.202  INFO 177044 --- [    Test worker] o.s.b.a.w.s.WelcomePageHandlerMapping    : Adding welcome page: class path resource [static/index.html]
2021-05-14 18:43:03.633  INFO 177044 --- [    Test worker] o.s.s.web.DefaultSecurityFilterChain     : Will secure any request with [org.springframework.security.web.context.request.async.WebAsyncManagerIntegrationFilter@352a7318, org.springframework.security.web.context.SecurityContextPersistenceFilter@5614cd0b, org.springframework.security.web.header.HeaderWriterFilter@4f09f5c2, org.springframework.web.filter.CorsFilter@59fb8151, org.springframework.security.web.authentication.logout.LogoutFilter@8e70b04, org.springframework.security.web.authentication.UsernamePasswordAuthenticationFilter@34d450c9, org.springframework.security.web.savedrequest.RequestCacheAwareFilter@71c8f830, org.springframework.security.web.servletapi.SecurityContextHolderAwareRequestFilter@57720872, org.springframework.security.web.authentication.AnonymousAuthenticationFilter@917b3c7, org.springframework.security.web.session.SessionManagementFilter@42ea182f, org.springframework.security.web.access.ExceptionTranslationFilter@6ed7dccc, org.springframework.security.web.access.intercept.FilterSecurityInterceptor@5bc17145]
2021-05-14 18:43:06.987  INFO 177044 --- [    Test worker] o.s.m.s.b.SimpleBrokerMessageHandler     : Starting...
2021-05-14 18:43:06.988  INFO 177044 --- [    Test worker] o.s.m.s.b.SimpleBrokerMessageHandler     : BrokerAvailabilityEvent[available=true, SimpleBrokerMessageHandler [org.springframework.messaging.simp.broker.DefaultSubscriptionRegistry@542df8ca]]
2021-05-14 18:43:06.989  INFO 177044 --- [    Test worker] o.s.m.s.b.SimpleBrokerMessageHandler     : Started.
2021-05-14 18:43:07.011  INFO 177044 --- [    Test worker] org.morgorithm.frames.demo.DemoData      : Started DemoData in 22.296 seconds (JVM running for 26.923)
데이터 삽입
데이터 삽입
데이터 삽입
데이터 삽입
데이터 삽입
데이터 삽입
데이터 삽입
데이터 삽입
데이터 삽입
데이터 삽입
데이터 삽입
데이터 삽입
데이터 삽입
데이터 삽입
데이터 삽입
데이터 삽입
데이터 삽입
데이터 삽입
2021-05-14 18:44:03.781  INFO 177044 --- [MessageBroker-6] o.s.w.s.c.WebSocketMessageBrokerStats    : WebSocketSession[0 current WS(0)-HttpStream(0)-HttpPoll(0), 0 total, 0 closed abnormally (0 connect failure, 0 send limit, 0 transport error)], stompSubProtocol[processed CONNECT(0)-CONNECTED(0)-DISCONNECT(0)], stompBrokerRelay[null], inboundChannel[pool size = 0, active threads = 0, queued tasks = 0, completed tasks = 0], outboundChannel[pool size = 0, active threads = 0, queued tasks = 0, completed tasks = 0], sockJsScheduler[pool size = 8, active threads = 1, queued tasks = 3, completed tasks = 56]
데이터 삽입
데이터 삽입
데이터 삽입
데이터 삽입
데이터 삽입
데이터 삽입
데이터 삽입
데이터 삽입
데이터 삽입
데이터 삽입
데이터 삽입
데이터 삽입
데이터 삽입
데이터 삽입
데이터 삽입
데이터 삽입
데이터 삽입
데이터 삽입
데이터 삽입
데이터 삽입
데이터 삽입
데이터 삽입
데이터 삽입
데이터 삽입
데이터 삽입
데이터 삽입
데이터 삽입
데이터 삽입
데이터 삽입
데이터 삽입
데이터 삽입
데이터 삽입
데이터 삽입
데이터 삽입
데이터 삽입
데이터 삽입
데이터 삽입
데이터 삽입
데이터 삽입
데이터 삽입
데이터 삽입
데이터 삽입
데이터 삽입
데이터 삽입
데이터 삽입
데이터 삽입
데이터 삽입
데이터 삽입
데이터 삽입
데이터 삽입
데이터 삽입
데이터 삽입
데이터 삽입
데이터 삽입
데이터 삽입
데이터 삽입
데이터 삽입
데이터 삽입
데이터 삽입
데이터 삽입
데이터 삽입
데이터 삽입
데이터 삽입
데이터 삽입
데이터 삽입
데이터 삽입
데이터 삽입
데이터 삽입
데이터 삽입
데이터 삽입
데이터 삽입
데이터 삽입
데이터 삽입
데이터 삽입
데이터 삽입
데이터 삽입
데이터 삽입
데이터 삽입
데이터 삽입
데이터 삽입
데이터 삽입
데이터 삽입
데이터 삽입
데이터 삽입
데이터 삽입
데이터 삽입
데이터 삽입
데이터 삽입
데이터 삽입
데이터 삽입
데이터 삽입
데이터 삽입
데이터 삽입
데이터 삽입
데이터 삽입
데이터 삽입
데이터 삽입
데이터 삽입
데이터 삽입
데이터 삽입
데이터 삽입
데이터 삽입
데이터 삽입
데이터 삽입
데이터 삽입
데이터 삽입
데이터 삽입
데이터 삽입
데이터 삽입
데이터 삽입
데이터 삽입
데이터 삽입
데이터 삽입
데이터 삽입
데이터 삽입
데이터 삽입
데이터 삽입
데이터 삽입
데이터 삽입
데이터 삽입
데이터 삽입
데이터 삽입
데이터 삽입
데이터 삽입
데이터 삽입
데이터 삽입
데이터 삽입
데이터 삽입
데이터 삽입
데이터 삽입
데이터 삽입
데이터 삽입
데이터 삽입
데이터 삽입
데이터 삽입
데이터 삽입
데이터 삽입
데이터 삽입
데이터 삽입
데이터 삽입
데이터 삽입
데이터 삽입
데이터 삽입
데이터 삽입
데이터 삽입
데이터 삽입
데이터 삽입
데이터 삽입
데이터 삽입
데이터 삽입
데이터 삽입
데이터 삽입
데이터 삽입
데이터 삽입
데이터 삽입
데이터 삽입
데이터 삽입
데이터 삽입
데이터 삽입
데이터 삽입
데이터 삽입
데이터 삽입
데이터 삽입
데이터 삽입
데이터 삽입
데이터 삽입
데이터 삽입
데이터 삽입
데이터 삽입
데이터 삽입
데이터 삽입
데이터 삽입
데이터 삽입
데이터 삽입
데이터 삽입
데이터 삽입
데이터 삽입
데이터 삽입
데이터 삽입
데이터 삽입
데이터 삽입
데이터 삽입
데이터 삽입
데이터 삽입
데이터 삽입
데이터 삽입
데이터 삽입
데이터 삽입
데이터 삽입
데이터 삽입
데이터 삽입
데이터 삽입
데이터 삽입
데이터 삽입
데이터 삽입
데이터 삽입
데이터 삽입
데이터 삽입
데이터 삽입
데이터 삽입
데이터 삽입
데이터 삽입
데이터 삽입
데이터 삽입
데이터 삽입
데이터 삽입
데이터 삽입
데이터 삽입
데이터 삽입
데이터 삽입
데이터 삽입
데이터 삽입
데이터 삽입
데이터 삽입
데이터 삽입
데이터 삽입
데이터 삽입
데이터 삽입
데이터 삽입
데이터 삽입
데이터 삽입
데이터 삽입
데이터 삽입
데이터 삽입
데이터 삽입
데이터 삽입
데이터 삽입
데이터 삽입
데이터 삽입
데이터 삽입
데이터 삽입
데이터 삽입
데이터 삽입
데이터 삽입
데이터 삽입
데이터 삽입
데이터 삽입
데이터 삽입
데이터 삽입
데이터 삽입
데이터 삽입
데이터 삽입
데이터 삽입
데이터 삽입
데이터 삽입
데이터 삽입
데이터 삽입
데이터 삽입
데이터 삽입
데이터 삽입
데이터 삽입
데이터 삽입
데이터 삽입
데이터 삽입
데이터 삽입
데이터 삽입
데이터 삽입
데이터 삽입
데이터 삽입
데이터 삽입
데이터 삽입
데이터 삽입
데이터 삽입
데이터 삽입
데이터 삽입
데이터 삽입
데이터 삽입
데이터 삽입
데이터 삽입
데이터 삽입
데이터 삽입
데이터 삽입
데이터 삽입
데이터 삽입
데이터 삽입
데이터 삽입
데이터 삽입
데이터 삽입
데이터 삽입
데이터 삽입
데이터 삽입
데이터 삽입
데이터 삽입
데이터 삽입
데이터 삽입
데이터 삽입
데이터 삽입
데이터 삽입
데이터 삽입
데이터 삽입
데이터 삽입
데이터 삽입
데이터 삽입
데이터 삽입
데이터 삽입
데이터 삽입
데이터 삽입
데이터 삽입
데이터 삽입
데이터 삽입
데이터 삽입
데이터 삽입
데이터 삽입
데이터 삽입
데이터 삽입
데이터 삽입
데이터 삽입
데이터 삽입
데이터 삽입
데이터 삽입
데이터 삽입
데이터 삽입
데이터 삽입
데이터 삽입
데이터 삽입
데이터 삽입
데이터 삽입
데이터 삽입
데이터 삽입
데이터 삽입
데이터 삽입
데이터 삽입
데이터 삽입
데이터 삽입
데이터 삽입
데이터 삽입
데이터 삽입
데이터 삽입
데이터 삽입
데이터 삽입
데이터 삽입
데이터 삽입
데이터 삽입
데이터 삽입
데이터 삽입
데이터 삽입
데이터 삽입
데이터 삽입
데이터 삽입
데이터 삽입
데이터 삽입
데이터 삽입
데이터 삽입
데이터 삽입
데이터 삽입
데이터 삽입
데이터 삽입
데이터 삽입
데이터 삽입
데이터 삽입
데이터 삽입
데이터 삽입
데이터 삽입
데이터 삽입
데이터 삽입
데이터 삽입
데이터 삽입
데이터 삽입
데이터 삽입
데이터 삽입
데이터 삽입
데이터 삽입
데이터 삽입
데이터 삽입
데이터 삽입
데이터 삽입
데이터 삽입
데이터 삽입
데이터 삽입
데이터 삽입
데이터 삽입
데이터 삽입
2021-05-14 22:02:56.179  INFO 177044 --- [MessageBroker-8] o.s.w.s.c.WebSocketMessageBrokerStats    : WebSocketSession[0 current WS(0)-HttpStream(0)-HttpPoll(0), 0 total, 0 closed abnormally (0 connect failure, 0 send limit, 0 transport error)], stompSubProtocol[processed CONNECT(0)-CONNECTED(0)-DISCONNECT(0)], stompBrokerRelay[null], inboundChannel[pool size = 0, active threads = 0, queued tasks = 0, completed tasks = 0], outboundChannel[pool size = 0, active threads = 0, queued tasks = 0, completed tasks = 0], sockJsScheduler[pool size = 8, active threads = 1, queued tasks = 3, completed tasks = 1181]
데이터 삽입
2021-05-14 22:02:57.519  WARN 177044 --- [    Test worker] com.zaxxer.hikari.pool.PoolBase          : HikariPool-1 - Failed to validate connection com.mysql.cj.jdbc.ConnectionImpl@3cb6e09a (No operations allowed after connection closed.). Possibly consider using a shorter maxLifetime value.
2021-05-14 22:02:57.683  WARN 177044 --- [    Test worker] com.zaxxer.hikari.pool.PoolBase          : HikariPool-1 - Failed to validate connection com.mysql.cj.jdbc.ConnectionImpl@6dc3609d (No operations allowed after connection closed.). Possibly consider using a shorter maxLifetime value.
2021-05-14 22:02:57.689  WARN 177044 --- [    Test worker] com.zaxxer.hikari.pool.PoolBase          : HikariPool-1 - Failed to validate connection com.mysql.cj.jdbc.ConnectionImpl@667aef8f (No operations allowed after connection closed.). Possibly consider using a shorter maxLifetime value.
2021-05-14 22:02:57.692  WARN 177044 --- [    Test worker] com.zaxxer.hikari.pool.PoolBase          : HikariPool-1 - Failed to validate connection com.mysql.cj.jdbc.ConnectionImpl@2b129559 (No operations allowed after connection closed.). Possibly consider using a shorter maxLifetime value.
2021-05-14 22:02:57.695  WARN 177044 --- [    Test worker] com.zaxxer.hikari.pool.PoolBase          : HikariPool-1 - Failed to validate connection com.mysql.cj.jdbc.ConnectionImpl@6c637c97 (No operations allowed after connection closed.). Possibly consider using a shorter maxLifetime value.
2021-05-14 22:02:57.699  WARN 177044 --- [    Test worker] com.zaxxer.hikari.pool.PoolBase          : HikariPool-1 - Failed to validate connection com.mysql.cj.jdbc.ConnectionImpl@1ad22e0e (No operations allowed after connection closed.). Possibly consider using a shorter maxLifetime value.
2021-05-14 22:02:57.702  WARN 177044 --- [    Test worker] com.zaxxer.hikari.pool.PoolBase          : HikariPool-1 - Failed to validate connection com.mysql.cj.jdbc.ConnectionImpl@2b65ac4c (No operations allowed after connection closed.). Possibly consider using a shorter maxLifetime value.
2021-05-14 22:02:57.706  WARN 177044 --- [    Test worker] com.zaxxer.hikari.pool.PoolBase          : HikariPool-1 - Failed to validate connection com.mysql.cj.jdbc.ConnectionImpl@14e24c24 (No operations allowed after connection closed.). Possibly consider using a shorter maxLifetime value.
2021-05-14 22:02:57.712  WARN 177044 --- [    Test worker] com.zaxxer.hikari.pool.PoolBase          : HikariPool-1 - Failed to validate connection com.mysql.cj.jdbc.ConnectionImpl@63920deb (No operations allowed after connection closed.). Possibly consider using a shorter maxLifetime value.
2021-05-14 22:02:57.715  WARN 177044 --- [    Test worker] com.zaxxer.hikari.pool.PoolBase          : HikariPool-1 - Failed to validate connection com.mysql.cj.jdbc.ConnectionImpl@683bedc9 (No operations allowed after connection closed.). Possibly consider using a shorter maxLifetime value.
2021-05-15 01:02:59.904  INFO 177044 --- [MessageBroker-8] o.s.w.s.c.WebSocketMessageBrokerStats    : WebSocketSession[0 current WS(0)-HttpStream(0)-HttpPoll(0), 0 total, 0 closed abnormally (0 connect failure, 0 send limit, 0 transport error)], stompSubProtocol[processed CONNECT(0)-CONNECTED(0)-DISCONNECT(0)], stompBrokerRelay[null], inboundChannel[pool size = 0, active threads = 0, queued tasks = 0, completed tasks = 0], outboundChannel[pool size = 0, active threads = 0, queued tasks = 0, completed tasks = 0], sockJsScheduler[pool size = 8, active threads = 3, queued tasks = 1, completed tasks = 1199]
2021-05-15 01:03:10.518  WARN 177044 --- [l-1 housekeeper] com.zaxxer.hikari.pool.HikariPool        : HikariPool-1 - Thread starvation or clock leap detected (housekeeper delta=6h15s182ms236µs700ns).
java.net.UnknownHostException: openapi.data.go.kr
java.net.UnknownHostException: openapi.data.go.kr
java.net.UnknownHostException: openapi.data.go.kr
java.net.UnknownHostException: openapi.data.go.kr
java.net.UnknownHostException: openapi.data.go.kr
java.net.UnknownHostException: openapi.data.go.kr
2021-05-15 01:03:13.095  WARN 177044 --- [    Test worker] o.h.engine.jdbc.spi.SqlExceptionHelper   : SQL Error: 0, SQLState: 08S01
2021-05-15 01:03:13.095 ERROR 177044 --- [    Test worker] o.h.engine.jdbc.spi.SqlExceptionHelper   : HikariPool-1 - Connection is not available, request timed out after 10815615ms.
2021-05-15 01:03:13.095 ERROR 177044 --- [    Test worker] o.h.engine.jdbc.spi.SqlExceptionHelper   : Communications link failure

The last packet sent successfully to the server was 0 milliseconds ago. The driver has not received any packets from the server.
]]></system-out>
  <system-err><![CDATA[]]></system-err>
</testsuite>
